<?xml version="1.0" encoding="UTF-8"?>
<!-- Generated by org.testng.reporters.JUnitReportReporter -->
<testsuite skipped="0" hostname="LAPTOP-DF5CB6SE" name="com.mangoapp.qa.testcases.LoginPageTests" tests="2" failures="0" timestamp="16 Oct 2018 03:01:05 GMT" time="22.216" errors="0">
  <testcase name="testTitle" time="17.478" classname="com.mangoapp.qa.testcases.LoginPageTests"/>
  <testcase name="testLogo" time="4.738" classname="com.mangoapp.qa.testcases.LoginPageTests"/>
</testsuite> <!-- com.mangoapp.qa.testcases.LoginPageTests -->
