<?xml version="1.0" encoding="UTF-8"?>
<!-- Generated by org.testng.reporters.JUnitReportReporter -->
<testsuite skipped="0" hostname="LAPTOP-DF5CB6SE" name="com.mangoapp.qa.testcases.HomePageTests" tests="1" failures="0" timestamp="13 Oct 2018 02:15:10 GMT" time="11.296" errors="0">
  <testcase name="testGetLogo" time="11.296" classname="com.mangoapp.qa.testcases.HomePageTests"/>
</testsuite> <!-- com.mangoapp.qa.testcases.HomePageTests -->
