<?xml version="1.0" encoding="UTF-8"?>
<!-- Generated by org.testng.reporters.JUnitReportReporter -->
<testsuite skipped="0" hostname="LAPTOP-DF5CB6SE" name="com.mangoapp.qa.testcases.LoginPageTests" tests="2" failures="0" timestamp="13 Oct 2018 02:15:10 GMT" time="16.926" errors="0">
  <testcase name="testTitle" time="8.097" classname="com.mangoapp.qa.testcases.LoginPageTests"/>
  <testcase name="testLogo" time="8.829" classname="com.mangoapp.qa.testcases.LoginPageTests"/>
</testsuite> <!-- com.mangoapp.qa.testcases.LoginPageTests -->
